1591835286995	mozrunner::runner	INFO	Running command: "C:\\Program Files\\Mozilla Firefox\\firefox.exe" "-marionette" "-foreground" "-no-remote" "-profile" "C:\\Users\\Thuru\\AppData\\Local\\Temp\\rust_mozprofilehI01a0"
JavaScript error: resource://gre/modules/XULStore.jsm, line 66: Error: Can't find profile directory.
1591835291442	Marionette	INFO	Listening on port 51677
1591835291748	Marionette	WARN	TLS certificate errors will be ignored for this session
JavaScript error: https://pagead2.googlesyndication.com/pagead/js/adsbygoogle.js, line 50: uncaught exception: TagError: adsbygoogle.push() error: No slot size for availableWidth=0
1591835383285	Marionette	INFO	Stopped listening on port 51677

###!!! [Child][RunMessage] Error: Channel closing: too late to send/recv, messages will be lost


###!!! [Child][MessageChannel::SendAndWait] Error: Channel error: cannot send/recv

1591835734753	mozrunner::runner	INFO	Running command: "C:\\Program Files\\Mozilla Firefox\\firefox.exe" "-marionette" "-foreground" "-no-remote" "-profile" "C:\\Users\\Thuru\\AppData\\Local\\Temp\\rust_mozprofileX1vqR2"
JavaScript error: resource://gre/modules/XULStore.jsm, line 66: Error: Can't find profile directory.
1591835737980	Marionette	INFO	Listening on port 51776
1591835738369	Marionette	WARN	TLS certificate errors will be ignored for this session
JavaScript error: https://pagead2.googlesyndication.com/pagead/js/adsbygoogle.js, line 50: uncaught exception: TagError: adsbygoogle.push() error: No slot size for availableWidth=0
1591836001534	Marionette	INFO	Stopped listening on port 51776

###!!! [Child][RunMessage] Error: Channel closing: too late to send/recv, messages will be lost


###!!! [Child][MessageChannel::SendAndWait] Error: Channel error: cannot send/recv

1591836026142	mozrunner::runner	INFO	Running command: "C:\\Program Files\\Mozilla Firefox\\firefox.exe" "-marionette" "-foreground" "-no-remote" "-profile" "C:\\Users\\Thuru\\AppData\\Local\\Temp\\rust_mozprofile9YEqdp"
JavaScript error: resource://gre/modules/XULStore.jsm, line 66: Error: Can't find profile directory.
1591836029145	Marionette	INFO	Listening on port 51859
1591836029255	Marionette	WARN	TLS certificate errors will be ignored for this session
JavaScript error: https://pagead2.googlesyndication.com/pagead/js/adsbygoogle.js, line 50: uncaught exception: TagError: adsbygoogle.push() error: No slot size for availableWidth=0

###!!! [Child][RunMessage] Error: Channel closing: too late to send/recv, messages will be lost

1591836148846	Marionette	INFO	Stopped listening on port 51859

###!!! [Child][MessageChannel::SendAndWait] Error: Channel error: cannot send/recv

/modules/XULStore.jsm, line 66: Error: Can't find profile directory.
1591836150478	Marionette	INFO	Listening on port 51938
1591836150744	Marionette	WARN	TLS certificate errors will be ignored for this session
JavaScript error: https://pagead2.googlesyndication.com/pagead/js/adsbygoogle.js, line 50: uncaught exception: TagError: adsbygoogle.push() error: No slot size for availableWidth=0
1591836268372	Marionette	INFO	Stopped listening on port 51938

###!!! [Child][RunMessage] Error: Channel closing: too late to send/recv, messages will be lost


###!!! [Child][MessageChannel::SendAndWait] Error: Channel error: cannot send/recv

1591836295403	mozrunner::runner	INFO	Running command: "C:\\Program Files\\Mozilla Firefox\\firefox.exe" "-marionette" "-foreground" "-no-remote" "-profile" "C:\\Users\\Thuru\\AppData\\Local\\Temp\\rust_mozprofileHSlE3U"
JavaScript error: resource://gre/modules/XULStore.jsm, line 66: Error: Can't find profile directory.
1591836298611	Marionette	INFO	Listening on port 52012
1591836299025	Marionette	WARN	TLS certificate errors will be ignored for this session
JavaScript error: https://pagead2.googlesyndication.com/pagead/js/adsbygoogle.js, line 50: uncaught exception: TagError: adsbygoogle.push() error: No slot size for availableWidth=0
console.error: "Store does not have a valid reducer. Make sure the argument passed to combineReducers is an object whose values are reducers."
1591836998983	Marionette	INFO	Stopped listening on port 52012

###!!! [Child][RunMessage] Error: Channel closing: too late to send/recv, messages will be lost


###!!! [Child][MessageChannel::SendAndWait] Error: Channel error: cannot send/recv

1591837271120	mozrunner::runner	INFO	Running command: "C:\\Program Files\\Mozilla Firefox\\firefox.exe" "-marionette" "-foreground" "-no-remote" "-profile" "C:\\Users\\Thuru\\AppData\\Local\\Temp\\rust_mozprofileEapjnG"
JavaScript error: resource://gre/modules/XULStore.jsm, line 66: Error: Can't find profile directory.
1591837274075	Marionette	INFO	Listening on port 52170
1591837274245	Marionette	WARN	TLS certificate errors will be ignored for this session
JavaScript error: https://pagead2.googlesyndication.com/pagead/js/adsbygoogle.js, line 50: uncaught exception: TagError: adsbygoogle.push() error: No slot size for availableWidth=0
JavaScript error: chrome://marionette/content/proxy.js, line 222: TypeError: this.browser.driver.dialogObserver is null
JavaScript error: chrome://marionette/content/proxy.js, line 222: TypeError: this.browser.driver.dialogObserver is null
1591837414670	Marionette	INFO	Stopped listening on port 52170

###!!! [Child][RunMessage] Error: Channel closing: too late to send/recv, messages will be lost


###!!! [Child][MessageChannel::SendAndWait] Error: Channel error: cannot send/recv

1591837419633	mozrunner::runner	INFO	Running command: "C:\\Program Files\\Mozilla Firefox\\firefox.exe" "-marionette" "-foreground" "-no-remote" "-profile" "C:\\Users\\Thuru\\AppData\\Local\\Temp\\rust_mozprofileg457Ki"
JavaScript error: resource://gre/modules/XULStore.jsm, line 66: Error: Can't find profile directory.
1591837422459	Marionette	INFO	Listening on port 52267
1591837422750	Marionette	WARN	TLS certificate errors will be ignored for this session
JavaScript error: https://pagead2.googlesyndication.com/pagead/js/adsbygoogle.js, line 50: uncaught exception: TagError: adsbygoogle.push() error: No slot size for availableWidth=0
1591837447507	Marionette	INFO	Stopped listening on port 52267

###!!! [Child][RunMessage] Error: Channel closing: too late to send/recv, messages will be lost


###!!! [Child][MessageChannel::SendAndWait] Error: Channel error: cannot send/recv

1591837516038	mozrunner::runner	INFO	Running command: "C:\\Program Files\\Mozilla Firefox\\firefox.exe" "-marionette" "-foreground" "-no-remote" "-profile" "C:\\Users\\Thuru\\AppData\\Local\\Temp\\rust_mozprofilexvySXm"
JavaScript error: resource://gre/modules/XULStore.jsm, line 66: Error: Can't find profile directory.
1591837518807	Marionette	INFO	Listening on port 52339
1591837519151	Marionette	WARN	TLS certificate errors will be ignored for this session
JavaScript error: https://pagead2.googlesyndication.com/pagead/js/adsbygoogle.js, line 50: uncaught exception: TagError: adsbygoogle.push() error: No slot size for availableWidth=0
1591837566106	Marionette	INFO	Stopped listening on port 52339

###!!! [Child][RunMessage] Error: Channel closing: too late to send/recv, messages will be lost


###!!! [Child][MessageChannel::SendAndWait] Error: Channel error: cannot send/recv

1591837570456	mozrunner::runner	INFO	Running command: "C:\\Program Files\\Mozilla Firefox\\firefox.exe" "-marionette" "-foreground" "-no-remote" "-profile" "C:\\Users\\Thuru\\AppData\\Local\\Temp\\rust_mozprofileA69N2t"
JavaScript error: resource://gre/modules/XULStore.jsm, line 66: Error: Can't find profile directory.
1591837573102	Marionette	INFO	Listening on port 52420
1591837573570	Marionette	WARN	TLS certificate errors will be ignored for this session
JavaScript error: https://pagead2.googlesyndication.com/pagead/js/adsbygoogle.js, line 50: uncaught exception: TagError: adsbygoogle.push() error: No slot size for availableWidth=0
1591837623709	Marionette	INFO	Stopped listening on port 52420

###!!! [Child][RunMessage] Error: Channel closing: too late to send/recv, messages will be lost


###!!! [Child][MessageChannel::SendAndWait] Error: Channel error: cannot send/recv

1591837635175	mozrunner::runner	INFO	Running command: "C:\\Program Files\\Mozilla Firefox\\firefox.exe" "-marionette" "-foreground" "-no-remote" "-profile" "C:\\Users\\Thuru\\AppData\\Local\\Temp\\rust_mozprofile4Sqb3A"
JavaScript error: resource://gre/modules/XULStore.jsm, line 66: Error: Can't find profile directory.
1591837638045	Marionette	INFO	Listening on port 52500
1591837638290	Marionette	WARN	TLS certificate errors will be ignored for this session
JavaScript error: https://pagead2.googlesyndication.com/pagead/js/adsbygoogle.js, line 50: uncaught exception: TagError: adsbygoogle.push() error: No slot size for availableWidth=0
1591837951572	Marionette	INFO	Stopped listening on port 52500

###!!! [Child][RunMessage] Error: Channel closing: too late to send/recv, messages will be lost


###!!! [Child][MessageChannel::SendAndWait] Error: Channel error: cannot send/recv

/modules/XULStore.jsm, line 66: Error: Can't find profile directory.
1591837864070	Marionette	INFO	Listening on port 52605
1591837864347	Marionette	WARN	TLS certificate errors will be ignored for this session
JavaScript error: https://pagead2.googlesyndication.com/pagead/js/adsbygoogle.js, line 50: uncaught exception: TagError: adsbygoogle.push() error: No slot size for availableWidth=0
1591837950701	Marionette	INFO	Stopped listening on port 52605

###!!! [Child][RunMessage] Error: Channel closing: too late to send/recv, messages will be lost


###!!! [Child][MessageChannel::SendAndWait] Error: Channel error: cannot send/recv

1591837993036	mozrunner::runner	INFO	Running command: "C:\\Program Files\\Mozilla Firefox\\firefox.exe" "-marionette" "-foreground" "-no-remote" "-profile" "C:\\Users\\Thuru\\AppData\\Local\\Temp\\rust_mozprofile42Ox6v"
JavaScript error: resource://gre/modules/XULStore.jsm, line 66: Error: Can't find profile directory.
1591837995711	Marionette	INFO	Listening on port 52689
1591837996154	Marionette	WARN	TLS certificate errors will be ignored for this session
JavaScript error: https://pagead2.googlesyndication.com/pagead/js/adsbygoogle.js, line 50: uncaught exception: TagError: adsbygoogle.push() error: No slot size for availableWidth=0
console.error: "Store does not have a valid reducer. Make sure the argument passed to combineReducers is an object whose values are reducers."
1591838044609	Marionette	INFO	Stopped listening on port 52689

###!!! [Child][RunMessage] Error: Channel closing: too late to send/recv, messages will be lost


###!!! [Child][MessageChannel::SendAndWait] Error: Channel error: cannot send/recv

1591838199071	mozrunner::runner	INFO	Running command: "C:\\Program Files\\Mozilla Firefox\\firefox.exe" "-marionette" "-foreground" "-no-remote" "-profile" "C:\\Users\\Thuru\\AppData\\Local\\Temp\\rust_mozprofile9KFtRD"
JavaScript error: resource://gre/modules/XULStore.jsm, line 66: Error: Can't find profile directory.
1591838201959	Marionette	INFO	Listening on port 52795
1591838202184	Marionette	WARN	TLS certificate errors will be ignored for this session
JavaScript error: https://pagead2.googlesyndication.com/pagead/js/adsbygoogle.js, line 50: uncaught exception: TagError: adsbygoogle.push() error: No slot size for availableWidth=0

###!!! [Child][RunMessage] Error: Channel closing: too late to send/recv, messages will be lost


###!!! [Child][RunMessage] Error: Channel closing: too late to send/recv, messages will be lost

1591838369649	Marionette	INFO	Stopped listening on port 52795

###!!! [Child][MessageChannel::SendAndWait] Error: Channel error: cannot send/recv

